<?xml version="1.0" encoding="UTF-8"?>
<!-- Generated by org.testng.reporters.JUnitXMLReporter -->
<testsuite ignored="0" hostname="MSI" failures="1" tests="14" name="TutorialsNinja Tests" time="99.322" errors="0" timestamp="2023-09-15T00:01:51 MST">
  <testcase classname="com.tuitorialninja.qa.testcases.Register" name="verifyRegisteringAnAccountWithMandatoryFields" time="1.132"/>
  <testcase classname="com.tuitorialninja.qa.testcases.Register" name="verifyRegisteringAnAccountByProvidingAllFields" time="1.109"/>
  <testcase classname="com.tuitorialninja.qa.testcases.Register" name="verifyRegesteringAccountWithExistingEmailAddress" time="0.782"/>
  <testcase classname="com.tuitorialninja.qa.testcases.Register" name="verifyRegisteringAnAccountWithoutProvidingFillingAnyDetails" time="0.435"/>
  <testcase classname="com.tuitorialninja.qa.testcases.Login" name="verifyLoginWithValidCredentials" time="0.815"/>
  <testcase classname="com.tuitorialninja.qa.testcases.Login" name="verifyLoginWithValidCredentials" time="0.827"/>
  <testcase classname="com.tuitorialninja.qa.testcases.Login" name="verifyLoginWithValidCredentials" time="10.586">
    <failure type="org.openqa.selenium.NoSuchElementException" message="no such element: Unable to locate element: {&amp;quot;method&amp;quot;:&amp;quot;link text&amp;quot;,&amp;quot;selector&amp;quot;:&amp;quot;Edit your account information&amp;quot;}
  (Session info: chrome=116.0.5845.189)
For documentation on this error, please visit: https://www.selenium.dev/documentation/webdriver/troubleshooting/errors#no-such-element-exception
Build info: version: &amp;apos;4.12.0&amp;apos;, revision: &amp;apos;249f2a7d1b*&amp;apos;
System info: os.name: &amp;apos;Windows 11&amp;apos;, os.arch: &amp;apos;amd64&amp;apos;, os.version: &amp;apos;10.0&amp;apos;, java.version: &amp;apos;17.0.8&amp;apos;
Driver info: org.openqa.selenium.chrome.ChromeDriver
Command: [7216c59e5e7f32cac5cf9c9bc87026ac, findElement {using=link text, value=Edit your account information}]
Capabilities {acceptInsecureCerts: false, browserName: chrome, browserVersion: 116.0.5845.189, chrome: {chromedriverVersion: 116.0.5845.96 (1a3918166880..., userDataDir: C:\Users\asifc\AppData\Loca...}, fedcm:accounts: true, goog:chromeOptions: {debuggerAddress: localhost:56727}, networkConnectionEnabled: false, pageLoadStrategy: normal, platformName: windows, proxy: Proxy(), se:cdp: ws://localhost:56727/devtoo..., se:cdpVersion: 116.0.5845.189, setWindowRect: true, strictFileInteractability: false, timeouts: {implicit: 0, pageLoad: 300000, script: 30000}, unhandledPromptBehavior: dismiss and notify, webauthn:extension:credBlob: true, webauthn:extension:largeBlob: true, webauthn:extension:minPinLength: true, webauthn:extension:prf: true, webauthn:virtualAuthenticators: true}
Session ID: 7216c59e5e7f32cac5cf9c9bc87026ac">
      <![CDATA[org.openqa.selenium.NoSuchElementException: no such element: Unable to locate element: {"method":"link text","selector":"Edit your account information"}
  (Session info: chrome=116.0.5845.189)
For documentation on this error, please visit: https://www.selenium.dev/documentation/webdriver/troubleshooting/errors#no-such-element-exception
Build info: version: '4.12.0', revision: '249f2a7d1b*'
System info: os.name: 'Windows 11', os.arch: 'amd64', os.version: '10.0', java.version: '17.0.8'
Driver info: org.openqa.selenium.chrome.ChromeDriver
Command: [7216c59e5e7f32cac5cf9c9bc87026ac, findElement {using=link text, value=Edit your account information}]
Capabilities {acceptInsecureCerts: false, browserName: chrome, browserVersion: 116.0.5845.189, chrome: {chromedriverVersion: 116.0.5845.96 (1a3918166880..., userDataDir: C:\Users\asifc\AppData\Loca...}, fedcm:accounts: true, goog:chromeOptions: {debuggerAddress: localhost:56727}, networkConnectionEnabled: false, pageLoadStrategy: normal, platformName: windows, proxy: Proxy(), se:cdp: ws://localhost:56727/devtoo..., se:cdpVersion: 116.0.5845.189, setWindowRect: true, strictFileInteractability: false, timeouts: {implicit: 0, pageLoad: 300000, script: 30000}, unhandledPromptBehavior: dismiss and notify, webauthn:extension:credBlob: true, webauthn:extension:largeBlob: true, webauthn:extension:minPinLength: true, webauthn:extension:prf: true, webauthn:virtualAuthenticators: true}
Session ID: 7216c59e5e7f32cac5cf9c9bc87026ac
at org.openqa.selenium.remote.codec.w3c.W3CHttpResponseCodec.createException(W3CHttpResponseCodec.java:200)
at org.openqa.selenium.remote.codec.w3c.W3CHttpResponseCodec.decode(W3CHttpResponseCodec.java:133)
at org.openqa.selenium.remote.codec.w3c.W3CHttpResponseCodec.decode(W3CHttpResponseCodec.java:52)
at org.openqa.selenium.remote.HttpCommandExecutor.execute(HttpCommandExecutor.java:191)
at org.openqa.selenium.remote.service.DriverCommandExecutor.invokeExecute(DriverCommandExecutor.java:196)
at org.openqa.selenium.remote.service.DriverCommandExecutor.execute(DriverCommandExecutor.java:171)
at org.openqa.selenium.remote.RemoteWebDriver.execute(RemoteWebDriver.java:602)
at org.openqa.selenium.remote.ElementLocation$ElementFinder$2.findElement(ElementLocation.java:165)
at org.openqa.selenium.remote.ElementLocation.findElement(ElementLocation.java:59)
at org.openqa.selenium.remote.RemoteWebDriver.findElement(RemoteWebDriver.java:359)
at org.openqa.selenium.remote.RemoteWebDriver.findElement(RemoteWebDriver.java:353)
at org.openqa.selenium.support.pagefactory.DefaultElementLocator.findElement(DefaultElementLocator.java:68)
at org.openqa.selenium.support.pagefactory.internal.LocatingElementHandler.invoke(LocatingElementHandler.java:38)
at jdk.proxy2/jdk.proxy2.$Proxy18.isDisplayed(Unknown Source)
at com.tutorialsninja.qa.pages.AccountPage.getDisplayStatusOfEditYourAccountInformation(AccountPage.java:21)
at com.tuitorialninja.qa.testcases.Login.verifyLoginWithValidCredentials(Login.java:44)
at java.base/java.util.ArrayList.forEach(ArrayList.java:1511)
... Removed 32 stack frames]]>
    </failure>
  </testcase> <!-- verifyLoginWithValidCredentials -->
  <testcase classname="com.tuitorialninja.qa.testcases.Login" name="verifyLoginWithInvalidCredentials" time="0.568"/>
  <testcase classname="com.tuitorialninja.qa.testcases.Login" name="verifyLoginWithInvalidEmailAndValidPassword" time="0.568"/>
  <testcase classname="com.tuitorialninja.qa.testcases.Login" name="verifyLoginWithValidEmailAndInvalidPassword" time="0.539"/>
  <testcase classname="com.tuitorialninja.qa.testcases.Login" name="verifyLoginWithoutProvidingCredentials" time="0.458"/>
  <testcase classname="com.tuitorialninja.qa.testcases.Search" name="verifySearchWithValidProduct" time="0.7"/>
  <testcase classname="com.tuitorialninja.qa.testcases.Search" name="verifySearchWithInvalidProduct" time="0.468"/>
  <testcase classname="com.tuitorialninja.qa.testcases.Search" name="verifySearchWithoutAnyProduct" time="0.418"/>
</testsuite> <!-- TutorialsNinja Tests -->
